<?xml version="1.0" encoding="UTF-8"?>
<testsuite name="tracker.SampleTest" tests="1" skipped="0" failures="0" errors="0" timestamp="2024-01-26T12:37:17" hostname="15G2-TOMEKC" time="0.003">
  <properties/>
  <testcase name="test()" classname="tracker.SampleTest" time="0.003"/>
  <system-out><![CDATA[]]></system-out>
  <system-err><![CDATA[]]></system-err>
</testsuite>
