<?xml version="1.0" encoding="UTF-8"?>
<testsuite name="tracker.MainMenuTest" tests="1" skipped="0" failures="0" errors="0" timestamp="2024-01-26T12:37:17" hostname="15G2-TOMEKC" time="0.009">
  <properties/>
  <testcase name="printMenu()" classname="tracker.MainMenuTest" time="0.009"/>
  <system-out><![CDATA[]]></system-out>
  <system-err><![CDATA[]]></system-err>
</testsuite>
